\BOOKMARK [0][-]{chapter.1}{\376\377\0001\000\040\004\020\004\073\004\104\004\060\004\062\004\070\004\102\004\075\004\113\004\071\000\040\004\103\004\072\004\060\004\067\004\060\004\102\004\065\004\073\004\114\000\040\004\077\004\100\004\076\004\101\004\102\004\100\004\060\004\075\004\101\004\102\004\062\000\040\004\070\004\074\004\065\004\075}{}% 1
\BOOKMARK [1][-]{section.1.1}{\376\377\0001\000.\0001\000\040\004\041\004\077\004\070\004\101\004\076\004\072\000\040\004\077\004\060\004\072\004\065\004\102\004\076\004\062}{chapter.1}% 2
\BOOKMARK [0][-]{chapter.2}{\376\377\0002\000\040\004\030\004\065\004\100\004\060\004\100\004\105\004\070\004\107\004\065\004\101\004\072\004\070\004\071\000\040\004\101\004\077\004\070\004\101\004\076\004\072\000\040\004\072\004\073\004\060\004\101\004\101\004\076\004\062}{}% 3
\BOOKMARK [1][-]{section.2.1}{\376\377\0002\000.\0001\000\040\004\030\004\065\004\100\004\060\004\100\004\105\004\070\004\117\000\040\004\072\004\073\004\060\004\101\004\101\004\076\004\062}{chapter.2}% 4
\BOOKMARK [0][-]{chapter.3}{\376\377\0003\000\040\004\020\004\073\004\104\004\060\004\062\004\070\004\102\004\075\004\113\004\071\000\040\004\103\004\072\004\060\004\067\004\060\004\102\004\065\004\073\004\114\000\040\004\072\004\073\004\060\004\101\004\101\004\076\004\062}{}% 5
\BOOKMARK [1][-]{section.3.1}{\376\377\0003\000.\0001\000\040\004\032\004\073\004\060\004\101\004\101\004\113}{chapter.3}% 6
\BOOKMARK [0][-]{chapter.4}{\376\377\0004\000\040\004\041\004\077\004\070\004\101\004\076\004\072\000\040\004\104\004\060\004\071\004\073\004\076\004\062}{}% 7
\BOOKMARK [1][-]{section.4.1}{\376\377\0004\000.\0001\000\040\004\044\004\060\004\071\004\073\004\113}{chapter.4}% 8
\BOOKMARK [0][-]{chapter.5}{\376\377\0005\000\040\004\037\004\100\004\076\004\101\004\102\004\100\004\060\004\075\004\101\004\102\004\062\004\060\000\040\004\070\004\074\004\065\004\075}{}% 9
\BOOKMARK [1][-]{section.5.1}{\376\377\0005\000.\0001\000\040\004\037\004\100\004\076\004\101\004\102\004\100\004\060\004\075\004\101\004\102\004\062\004\076\000\040\004\070\004\074\004\065\004\075\000\040\000C\000u\000r\000s\000e\000V\000R}{chapter.5}% 10
\BOOKMARK [1][-]{section.5.2}{\376\377\0005\000.\0002\000\040\004\037\004\100\004\076\004\101\004\102\004\100\004\060\004\075\004\101\004\102\004\062\004\076\000\040\004\070\004\074\004\065\004\075\000\040\000C\000u\000r\000s\000e\000V\000R\000.\000V\000o\000i\000c\000e\000C\000o\000n\000t\000r\000o\000l}{chapter.5}% 11
\BOOKMARK [1][-]{section.5.3}{\376\377\0005\000.\0003\000\040\004\037\004\100\004\076\004\101\004\102\004\100\004\060\004\075\004\101\004\102\004\062\004\076\000\040\004\070\004\074\004\065\004\075\000\040\000C\000u\000r\000s\000e\000V\000R\000.\000V\000o\000i\000c\000e\000C\000o\000n\000t\000r\000o\000l\000.\000C\000o\000r\000e}{chapter.5}% 12
\BOOKMARK [1][-]{section.5.4}{\376\377\0005\000.\0004\000\040\004\037\004\100\004\076\004\101\004\102\004\100\004\060\004\075\004\101\004\102\004\062\004\076\000\040\004\070\004\074\004\065\004\075\000\040\000C\000u\000r\000s\000e\000V\000R\000.\000V\000o\000i\000c\000e\000C\000o\000n\000t\000r\000o\000l\000.\000E\000d\000i\000t\000o\000r}{chapter.5}% 13
\BOOKMARK [1][-]{section.5.5}{\376\377\0005\000.\0005\000\040\004\037\004\100\004\076\004\101\004\102\004\100\004\060\004\075\004\101\004\102\004\062\004\076\000\040\004\070\004\074\004\065\004\075\000\040\000C\000u\000r\000s\000e\000V\000R\000.\000V\000o\000i\000c\000e\000C\000o\000n\000t\000r\000o\000l\000.\000I\000n\000p\000u\000t}{chapter.5}% 14
\BOOKMARK [1][-]{section.5.6}{\376\377\0005\000.\0006\000\040\004\037\004\100\004\076\004\101\004\102\004\100\004\060\004\075\004\101\004\102\004\062\004\076\000\040\004\070\004\074\004\065\004\075\000\040\000C\000u\000r\000s\000e\000V\000R\000.\000V\000o\000i\000c\000e\000C\000o\000n\000t\000r\000o\000l\000.\000M\000o\000d\000e\000l\000s}{chapter.5}% 15
\BOOKMARK [1][-]{section.5.7}{\376\377\0005\000.\0007\000\040\004\037\004\100\004\076\004\101\004\102\004\100\004\060\004\075\004\101\004\102\004\062\004\076\000\040\004\070\004\074\004\065\004\075\000\040\000C\000u\000r\000s\000e\000V\000R\000.\000V\000o\000i\000c\000e\000C\000o\000n\000t\000r\000o\000l\000.\000S\000e\000r\000v\000i\000c\000e\000s}{chapter.5}% 16
\BOOKMARK [1][-]{section.5.8}{\376\377\0005\000.\0008\000\040\004\037\004\100\004\076\004\101\004\102\004\100\004\060\004\075\004\101\004\102\004\062\004\076\000\040\004\070\004\074\004\065\004\075\000\040\000C\000u\000r\000s\000e\000V\000R\000.\000V\000o\000i\000c\000e\000C\000o\000n\000t\000r\000o\000l\000.\000T\000e\000s\000t}{chapter.5}% 17
\BOOKMARK [1][-]{section.5.9}{\376\377\0005\000.\0009\000\040\004\037\004\100\004\076\004\101\004\102\004\100\004\060\004\075\004\101\004\102\004\062\004\076\000\040\004\070\004\074\004\065\004\075\000\040\000C\000u\000r\000s\000e\000V\000R\000.\000V\000o\000i\000c\000e\000C\000o\000n\000t\000r\000o\000l\000.\000U\000t\000i\000l\000s}{chapter.5}% 18
\BOOKMARK [1][-]{section.5.10}{\376\377\0005\000.\0001\0000\000\040\004\037\004\100\004\076\004\101\004\102\004\100\004\060\004\075\004\101\004\102\004\062\004\076\000\040\004\070\004\074\004\065\004\075\000\040\000C\000u\000r\000s\000e\000V\000R\000.\000V\000o\000i\000c\000e\000C\000o\000n\000t\000r\000o\000l\000.\000V\000A\000D}{chapter.5}% 19
\BOOKMARK [0][-]{chapter.6}{\376\377\0006\000\040\004\032\004\073\004\060\004\101\004\101\004\113}{}% 20
\BOOKMARK [1][-]{section.6.1}{\376\377\0006\000.\0001\000\040\004\032\004\073\004\060\004\101\004\101\000\040\000C\000u\000r\000s\000e\000V\000R\000.\000V\000o\000i\000c\000e\000C\000o\000n\000t\000r\000o\000l\000.\000V\000A\000D\000.\000A\000u\000d\000i\000o\000C\000l\000i\000p\000B\000u\000f\000f\000e\000r}{chapter.6}% 21
\BOOKMARK [2][-]{subsection.6.1.1}{\376\377\0006\000.\0001\000.\0001\000\040\004\037\004\076\004\064\004\100\004\076\004\061\004\075\004\076\004\065\000\040\004\076\004\077\004\070\004\101\004\060\004\075\004\070\004\065}{section.6.1}% 22
\BOOKMARK [2][-]{subsection.6.1.2}{\376\377\0006\000.\0001\000.\0002\000\040\004\032\004\076\004\075\004\101\004\102\004\100\004\103\004\072\004\102\004\076\004\100\000\050\004\113\000\051}{section.6.1}% 23
\BOOKMARK [3][-]{subsubsection.6.1.2.1}{\376\377\0006\000.\0001\000.\0002\000.\0001\000\040\000A\000u\000d\000i\000o\000C\000l\000i\000p\000B\000u\000f\000f\000e\000r\000\050\000\051}{subsection.6.1.2}% 24
\BOOKMARK [2][-]{subsection.6.1.3}{\376\377\0006\000.\0001\000.\0003\000\040\004\034\004\065\004\102\004\076\004\064\004\113}{section.6.1}% 25
\BOOKMARK [3][-]{subsubsection.6.1.3.1}{\376\377\0006\000.\0001\000.\0003\000.\0001\000\040\000A\000d\000d\000S\000a\000m\000p\000l\000e\000s\000\050\000\051}{subsection.6.1.3}% 26
\BOOKMARK [3][-]{subsubsection.6.1.3.2}{\376\377\0006\000.\0001\000.\0003\000.\0002\000\040\000C\000r\000e\000a\000t\000e\000A\000n\000d\000E\000m\000i\000t\000A\000u\000d\000i\000o\000C\000l\000i\000p\000\050\000\051}{subsection.6.1.3}% 27
\BOOKMARK [3][-]{subsubsection.6.1.3.3}{\376\377\0006\000.\0001\000.\0003\000.\0003\000\040\000F\000l\000u\000s\000h\000\050\000\051}{subsection.6.1.3}% 28
\BOOKMARK [3][-]{subsubsection.6.1.3.4}{\376\377\0006\000.\0001\000.\0003\000.\0004\000\040\000R\000e\000s\000e\000t\000\050\000\051}{subsection.6.1.3}% 29
\BOOKMARK [2][-]{subsection.6.1.4}{\376\377\0006\000.\0001\000.\0004\000\040\004\024\004\060\004\075\004\075\004\113\004\065\000\040\004\072\004\073\004\060\004\101\004\101\004\060}{section.6.1}% 30
\BOOKMARK [3][-]{subsubsection.6.1.4.1}{\376\377\0006\000.\0001\000.\0004\000.\0001\000\040\000b\000u\000f\000f\000e\000r}{subsection.6.1.4}% 31
\BOOKMARK [3][-]{subsubsection.6.1.4.2}{\376\377\0006\000.\0001\000.\0004\000.\0002\000\040\000c\000h\000a\000n\000n\000e\000l\000s}{subsection.6.1.4}% 32
\BOOKMARK [3][-]{subsubsection.6.1.4.3}{\376\377\0006\000.\0001\000.\0004\000.\0003\000\040\000f\000r\000e\000q\000u\000e\000n\000c\000y}{subsection.6.1.4}% 33
\BOOKMARK [3][-]{subsubsection.6.1.4.4}{\376\377\0006\000.\0001\000.\0004\000.\0004\000\040\000i\000s\000F\000u\000l\000l}{subsection.6.1.4}% 34
\BOOKMARK [3][-]{subsubsection.6.1.4.5}{\376\377\0006\000.\0001\000.\0004\000.\0005\000\040\000w\000r\000i\000t\000e\000P\000o\000s\000i\000t\000i\000o\000n}{subsection.6.1.4}% 35
\BOOKMARK [2][-]{subsection.6.1.5}{\376\377\0006\000.\0001\000.\0005\000\040\000C\004\076\004\061\004\113\004\102\004\070\004\117}{section.6.1}% 36
\BOOKMARK [3][-]{subsubsection.6.1.5.1}{\376\377\0006\000.\0001\000.\0005\000.\0001\000\040\000O\000n\000B\000u\000f\000f\000e\000r\000F\000i\000l\000l\000e\000d}{subsection.6.1.5}% 37
\BOOKMARK [1][-]{section.6.2}{\376\377\0006\000.\0002\000\040\004\032\004\073\004\060\004\101\004\101\000\040\000C\000u\000r\000s\000e\000V\000R\000.\000V\000o\000i\000c\000e\000C\000o\000n\000t\000r\000o\000l\000.\000U\000t\000i\000l\000s\000.\000A\000u\000d\000i\000o\000U\000t\000i\000l\000s}{chapter.6}% 38
\BOOKMARK [2][-]{subsection.6.2.1}{\376\377\0006\000.\0002\000.\0001\000\040\004\037\004\076\004\064\004\100\004\076\004\061\004\075\004\076\004\065\000\040\004\076\004\077\004\070\004\101\004\060\004\075\004\070\004\065}{section.6.2}% 39
\BOOKMARK [2][-]{subsection.6.2.2}{\376\377\0006\000.\0002\000.\0002\000\040\004\034\004\065\004\102\004\076\004\064\004\113}{section.6.2}% 40
\BOOKMARK [3][-]{subsubsection.6.2.2.1}{\376\377\0006\000.\0002\000.\0002\000.\0001\000\040\000A\000p\000p\000l\000y\000N\000o\000i\000s\000e\000G\000a\000t\000e\000\050\000\051}{subsection.6.2.2}% 41
\BOOKMARK [3][-]{subsubsection.6.2.2.2}{\376\377\0006\000.\0002\000.\0002\000.\0002\000\040\000A\000u\000d\000i\000o\000C\000l\000i\000p\000T\000o\000B\000y\000t\000e\000s\000\050\000\051}{subsection.6.2.2}% 42
\BOOKMARK [3][-]{subsubsection.6.2.2.3}{\376\377\0006\000.\0002\000.\0002\000.\0003\000\040\000B\000y\000t\000e\000s\000T\000o\000A\000u\000d\000i\000o\000C\000l\000i\000p\000\050\000\051}{subsection.6.2.2}% 43
\BOOKMARK [3][-]{subsubsection.6.2.2.4}{\376\377\0006\000.\0002\000.\0002\000.\0004\000\040\000C\000a\000l\000c\000u\000l\000a\000t\000e\000R\000M\000S\000V\000o\000l\000u\000m\000e\000\050\000\051}{subsection.6.2.2}% 44
\BOOKMARK [1][-]{section.6.3}{\376\377\0006\000.\0003\000\040\004\030\004\075\004\102\004\065\004\100\004\104\004\065\004\071\004\101\000\040\000C\000u\000r\000s\000e\000V\000R\000.\000V\000o\000i\000c\000e\000C\000o\000n\000t\000r\000o\000l\000.\000V\000A\000D\000.\000I\000V\000o\000i\000c\000e\000A\000c\000t\000i\000v\000i\000t\000y\000D\000e\000t\000e\000c\000t\000o\000r}{chapter.6}% 45
\BOOKMARK [2][-]{subsection.6.3.1}{\376\377\0006\000.\0003\000.\0001\000\040\004\037\004\076\004\064\004\100\004\076\004\061\004\075\004\076\004\065\000\040\004\076\004\077\004\070\004\101\004\060\004\075\004\070\004\065}{section.6.3}% 46
\BOOKMARK [2][-]{subsection.6.3.2}{\376\377\0006\000.\0003\000.\0002\000\040\004\034\004\065\004\102\004\076\004\064\004\113}{section.6.3}% 47
\BOOKMARK [3][-]{subsubsection.6.3.2.1}{\376\377\0006\000.\0003\000.\0002\000.\0001\000\040\000U\000p\000d\000a\000t\000e\000\050\000\051}{subsection.6.3.2}% 48
\BOOKMARK [2][-]{subsection.6.3.3}{\376\377\0006\000.\0003\000.\0003\000\040\004\037\004\076\004\073\004\075\004\113\004\071\000\040\004\101\004\077\004\070\004\101\004\076\004\072\000\040\004\101\004\062\004\076\004\071\004\101\004\102\004\062}{section.6.3}% 49
\BOOKMARK [3][-]{subsubsection.6.3.3.1}{\376\377\0006\000.\0003\000.\0003\000.\0001\000\040\000I\000s\000A\000c\000t\000i\000v\000e}{subsection.6.3.3}% 50
\BOOKMARK [2][-]{subsection.6.3.4}{\376\377\0006\000.\0003\000.\0004\000\040\000C\004\076\004\061\004\113\004\102\004\070\004\117}{section.6.3}% 51
\BOOKMARK [3][-]{subsubsection.6.3.4.1}{\376\377\0006\000.\0003\000.\0004\000.\0001\000\040\000O\000n\000V\000o\000i\000c\000e\000A\000c\000t\000i\000v\000i\000t\000y\000C\000h\000a\000n\000g\000e\000d}{subsection.6.3.4}% 52
\BOOKMARK [1][-]{section.6.4}{\376\377\0006\000.\0004\000\040\004\030\004\075\004\102\004\065\004\100\004\104\004\065\004\071\004\101\000\040\000C\000u\000r\000s\000e\000V\000R\000.\000V\000o\000i\000c\000e\000C\000o\000n\000t\000r\000o\000l\000.\000C\000o\000r\000e\000.\000I\000V\000o\000i\000c\000e\000C\000o\000m\000m\000a\000n\000d\000S\000e\000r\000v\000i\000c\000e}{chapter.6}% 53
\BOOKMARK [2][-]{subsection.6.4.1}{\376\377\0006\000.\0004\000.\0001\000\040\004\037\004\076\004\064\004\100\004\076\004\061\004\075\004\076\004\065\000\040\004\076\004\077\004\070\004\101\004\060\004\075\004\070\004\065}{section.6.4}% 54
\BOOKMARK [2][-]{subsection.6.4.2}{\376\377\0006\000.\0004\000.\0002\000\040\004\034\004\065\004\102\004\076\004\064\004\113}{section.6.4}% 55
\BOOKMARK [3][-]{subsubsection.6.4.2.1}{\376\377\0006\000.\0004\000.\0002\000.\0001\000\040\000C\000o\000n\000n\000e\000c\000t\000A\000s\000y\000n\000c\000\050\000\051}{subsection.6.4.2}% 56
\BOOKMARK [3][-]{subsubsection.6.4.2.2}{\376\377\0006\000.\0004\000.\0002\000.\0002\000\040\000D\000i\000s\000c\000o\000n\000n\000e\000c\000t\000A\000s\000y\000n\000c\000\050\000\051}{subsection.6.4.2}% 57
\BOOKMARK [3][-]{subsubsection.6.4.2.3}{\376\377\0006\000.\0004\000.\0002\000.\0003\000\040\000I\000n\000i\000t\000i\000a\000l\000i\000z\000e\000A\000s\000y\000n\000c\000\050\000\051}{subsection.6.4.2}% 58
\BOOKMARK [3][-]{subsubsection.6.4.2.4}{\376\377\0006\000.\0004\000.\0002\000.\0004\000\040\000S\000e\000n\000d\000A\000u\000d\000i\000o\000D\000a\000t\000a\000A\000s\000y\000n\000c\000\050\000\051}{subsection.6.4.2}% 59
\BOOKMARK [2][-]{subsection.6.4.3}{\376\377\0006\000.\0004\000.\0003\000\040\004\037\004\076\004\073\004\075\004\113\004\071\000\040\004\101\004\077\004\070\004\101\004\076\004\072\000\040\004\101\004\062\004\076\004\071\004\101\004\102\004\062}{section.6.4}% 60
\BOOKMARK [3][-]{subsubsection.6.4.3.1}{\376\377\0006\000.\0004\000.\0003\000.\0001\000\040\000I\000s\000C\000o\000n\000n\000e\000c\000t\000e\000d}{subsection.6.4.3}% 61
\BOOKMARK [2][-]{subsection.6.4.4}{\376\377\0006\000.\0004\000.\0004\000\040\000C\004\076\004\061\004\113\004\102\004\070\004\117}{section.6.4}% 62
\BOOKMARK [3][-]{subsubsection.6.4.4.1}{\376\377\0006\000.\0004\000.\0004\000.\0001\000\040\000O\000n\000C\000o\000m\000m\000a\000n\000d\000R\000e\000c\000o\000g\000n\000i\000z\000e\000d}{subsection.6.4.4}% 63
\BOOKMARK [3][-]{subsubsection.6.4.4.2}{\376\377\0006\000.\0004\000.\0004\000.\0002\000\040\000O\000n\000C\000o\000n\000n\000e\000c\000t\000i\000o\000n\000S\000t\000a\000t\000u\000s\000C\000h\000a\000n\000g\000e\000d}{subsection.6.4.4}% 64
\BOOKMARK [1][-]{section.6.5}{\376\377\0006\000.\0005\000\040\004\032\004\073\004\060\004\101\004\101\000\040\000C\000u\000r\000s\000e\000V\000R\000.\000V\000o\000i\000c\000e\000C\000o\000n\000t\000r\000o\000l\000.\000T\000e\000s\000t\000.\000M\000o\000c\000k\000V\000o\000i\000c\000e\000C\000o\000n\000t\000r\000o\000l\000T\000e\000s\000t}{chapter.6}% 65
\BOOKMARK [2][-]{subsection.6.5.1}{\376\377\0006\000.\0005\000.\0001\000\040\004\037\004\076\004\064\004\100\004\076\004\061\004\075\004\076\004\065\000\040\004\076\004\077\004\070\004\101\004\060\004\075\004\070\004\065}{section.6.5}% 66
\BOOKMARK [2][-]{subsection.6.5.2}{\376\377\0006\000.\0005\000.\0002\000\040\004\034\004\065\004\102\004\076\004\064\004\113}{section.6.5}% 67
\BOOKMARK [3][-]{subsubsection.6.5.2.1}{\376\377\0006\000.\0005\000.\0002\000.\0001\000\040\000C\000l\000e\000a\000n\000u\000p\000V\000o\000i\000c\000e\000S\000e\000r\000v\000i\000c\000e\000\050\000\051}{subsection.6.5.2}% 68
\BOOKMARK [3][-]{subsubsection.6.5.2.2}{\376\377\0006\000.\0005\000.\0002\000.\0002\000\040\000D\000e\000s\000e\000l\000e\000c\000t\000O\000b\000j\000e\000c\000t\000\050\000\051}{subsection.6.5.2}% 69
\BOOKMARK [3][-]{subsubsection.6.5.2.3}{\376\377\0006\000.\0005\000.\0002\000.\0003\000\040\000H\000a\000n\000d\000l\000e\000I\000n\000t\000e\000r\000a\000c\000t\000i\000o\000n\000\050\000\051}{subsection.6.5.2}% 70
\BOOKMARK [3][-]{subsubsection.6.5.2.4}{\376\377\0006\000.\0005\000.\0002\000.\0004\000\040\000H\000a\000n\000d\000l\000e\000V\000o\000i\000c\000e\000C\000o\000m\000m\000a\000n\000d\000\050\000\051}{subsection.6.5.2}% 71
\BOOKMARK [3][-]{subsubsection.6.5.2.5}{\376\377\0006\000.\0005\000.\0002\000.\0005\000\040\000I\000n\000i\000t\000i\000a\000l\000i\000z\000e\000V\000o\000i\000c\000e\000S\000e\000r\000v\000i\000c\000e\000\050\000\051}{subsection.6.5.2}% 72
\BOOKMARK [3][-]{subsubsection.6.5.2.6}{\376\377\0006\000.\0005\000.\0002\000.\0006\000\040\000M\000o\000n\000i\000t\000o\000r\000A\000u\000d\000i\000o\000P\000l\000a\000y\000b\000a\000c\000k\000\050\000\051}{subsection.6.5.2}% 73
\BOOKMARK [3][-]{subsubsection.6.5.2.7}{\376\377\0006\000.\0005\000.\0002\000.\0007\000\040\000M\000o\000v\000e\000O\000b\000j\000e\000c\000t\000R\000i\000g\000h\000t\000\050\000\051}{subsection.6.5.2}% 74
\BOOKMARK [3][-]{subsubsection.6.5.2.8}{\376\377\0006\000.\0005\000.\0002\000.\0008\000\040\000O\000n\000A\000p\000p\000l\000i\000c\000a\000t\000i\000o\000n\000Q\000u\000i\000t\000\050\000\051}{subsection.6.5.2}% 75
\BOOKMARK [3][-]{subsubsection.6.5.2.9}{\376\377\0006\000.\0005\000.\0002\000.\0009\000\040\000O\000n\000D\000e\000s\000t\000r\000o\000y\000\050\000\051}{subsection.6.5.2}% 76
\BOOKMARK [3][-]{subsubsection.6.5.2.10}{\376\377\0006\000.\0005\000.\0002\000.\0001\0000\000\040\000O\000n\000D\000i\000s\000a\000b\000l\000e\000\050\000\051}{subsection.6.5.2}% 77
\BOOKMARK [3][-]{subsubsection.6.5.2.11}{\376\377\0006\000.\0005\000.\0002\000.\0001\0001\000\040\000O\000n\000E\000n\000a\000b\000l\000e\000\050\000\051}{subsection.6.5.2}% 78
\BOOKMARK [3][-]{subsubsection.6.5.2.12}{\376\377\0006\000.\0005\000.\0002\000.\0001\0002\000\040\000P\000r\000o\000c\000e\000s\000s\000M\000o\000c\000k\000V\000o\000i\000c\000e\000C\000o\000m\000m\000a\000n\000d\000\050\000\051}{subsection.6.5.2}% 79
\BOOKMARK [3][-]{subsubsection.6.5.2.13}{\376\377\0006\000.\0005\000.\0002\000.\0001\0003\000\040\000S\000e\000l\000e\000c\000t\000O\000b\000j\000e\000c\000t\000\050\000\051}{subsection.6.5.2}% 80
\BOOKMARK [3][-]{subsubsection.6.5.2.14}{\376\377\0006\000.\0005\000.\0002\000.\0001\0004\000\040\000S\000t\000a\000r\000t\000\050\000\051}{subsection.6.5.2}% 81
\BOOKMARK [3][-]{subsubsection.6.5.2.15}{\376\377\0006\000.\0005\000.\0002\000.\0001\0005\000\040\000U\000p\000d\000a\000t\000e\000\050\000\051}{subsection.6.5.2}% 82
\BOOKMARK [2][-]{subsection.6.5.3}{\376\377\0006\000.\0005\000.\0003\000\040\004\024\004\060\004\075\004\075\004\113\004\065\000\040\004\072\004\073\004\060\004\101\004\101\004\060}{section.6.5}% 83
\BOOKMARK [3][-]{subsubsection.6.5.3.1}{\376\377\0006\000.\0005\000.\0003\000.\0001\000\040\000a\000u\000d\000i\000o\000V\000o\000l\000u\000m\000e}{subsection.6.5.3}% 84
\BOOKMARK [3][-]{subsubsection.6.5.3.2}{\376\377\0006\000.\0005\000.\0003\000.\0002\000\040\000d\000e\000b\000u\000g\000A\000u\000d\000i\000o}{subsection.6.5.3}% 85
\BOOKMARK [3][-]{subsubsection.6.5.3.3}{\376\377\0006\000.\0005\000.\0003\000.\0003\000\040\000d\000e\000b\000u\000g\000I\000n\000p\000u\000t}{subsection.6.5.3}% 86
\BOOKMARK [3][-]{subsubsection.6.5.3.4}{\376\377\0006\000.\0005\000.\0003\000.\0004\000\040\000d\000e\000f\000a\000u\000l\000t\000M\000a\000t\000e\000r\000i\000a\000l}{subsection.6.5.3}% 87
\BOOKMARK [3][-]{subsubsection.6.5.3.5}{\376\377\0006\000.\0005\000.\0003\000.\0005\000\040\000h\000i\000g\000h\000l\000i\000g\000h\000t\000M\000a\000t\000e\000r\000i\000a\000l}{subsection.6.5.3}% 88
\BOOKMARK [3][-]{subsubsection.6.5.3.6}{\376\377\0006\000.\0005\000.\0003\000.\0006\000\040\000i\000n\000t\000e\000r\000a\000c\000t\000a\000b\000l\000e\000L\000a\000y\000e\000r}{subsection.6.5.3}% 89
\BOOKMARK [3][-]{subsubsection.6.5.3.7}{\376\377\0006\000.\0005\000.\0003\000.\0007\000\040\000i\000n\000t\000e\000r\000a\000c\000t\000A\000c\000t\000i\000o\000n}{subsection.6.5.3}% 90
\BOOKMARK [3][-]{subsubsection.6.5.3.8}{\376\377\0006\000.\0005\000.\0003\000.\0008\000\040\000i\000n\000t\000e\000r\000a\000c\000t\000K\000e\000y}{subsection.6.5.3}% 91
\BOOKMARK [3][-]{subsubsection.6.5.3.9}{\376\377\0006\000.\0005\000.\0003\000.\0009\000\040\000i\000s\000P\000r\000o\000c\000e\000s\000s\000i\000n\000g}{subsection.6.5.3}% 92
\BOOKMARK [3][-]{subsubsection.6.5.3.10}{\376\377\0006\000.\0005\000.\0003\000.\0001\0000\000\040\000i\000s\000Q\000u\000i\000t\000t\000i\000n\000g}{subsection.6.5.3}% 93
\BOOKMARK [3][-]{subsubsection.6.5.3.11}{\376\377\0006\000.\0005\000.\0003\000.\0001\0001\000\040\000m\000a\000i\000n\000C\000a\000m\000e\000r\000a}{subsection.6.5.3}% 94
\BOOKMARK [3][-]{subsubsection.6.5.3.12}{\376\377\0006\000.\0005\000.\0003\000.\0001\0002\000\040\000m\000o\000v\000e\000D\000i\000s\000t\000a\000n\000c\000e}{subsection.6.5.3}% 95
\BOOKMARK [3][-]{subsubsection.6.5.3.13}{\376\377\0006\000.\0005\000.\0003\000.\0001\0003\000\040\000o\000f\000f\000l\000i\000n\000e\000M\000o\000d\000e}{subsection.6.5.3}% 96
\BOOKMARK [3][-]{subsubsection.6.5.3.14}{\376\377\0006\000.\0005\000.\0003\000.\0001\0004\000\040\000o\000f\000f\000l\000i\000n\000e\000M\000o\000d\000e\000D\000e\000l\000a\000y}{subsection.6.5.3}% 97
\BOOKMARK [3][-]{subsubsection.6.5.3.15}{\376\377\0006\000.\0005\000.\0003\000.\0001\0005\000\040\000o\000r\000i\000g\000i\000n\000a\000l\000M\000a\000t\000e\000r\000i\000a\000l}{subsection.6.5.3}% 98
\BOOKMARK [3][-]{subsubsection.6.5.3.16}{\376\377\0006\000.\0005\000.\0003\000.\0001\0006\000\040\000p\000l\000a\000y\000A\000u\000d\000i\000o\000O\000n\000S\000e\000l\000e\000c\000t}{subsection.6.5.3}% 99
\BOOKMARK [3][-]{subsubsection.6.5.3.17}{\376\377\0006\000.\0005\000.\0003\000.\0001\0007\000\040\000s\000e\000l\000e\000c\000t\000e\000d\000O\000b\000j\000e\000c\000t}{subsection.6.5.3}% 100
\BOOKMARK [3][-]{subsubsection.6.5.3.18}{\376\377\0006\000.\0005\000.\0003\000.\0001\0008\000\040\000t\000e\000s\000t\000V\000o\000i\000c\000e\000C\000l\000i\000p}{subsection.6.5.3}% 101
\BOOKMARK [3][-]{subsubsection.6.5.3.19}{\376\377\0006\000.\0005\000.\0003\000.\0001\0009\000\040\000v\000o\000i\000c\000e\000A\000u\000d\000i\000o\000S\000o\000u\000r\000c\000e}{subsection.6.5.3}% 102
\BOOKMARK [3][-]{subsubsection.6.5.3.20}{\376\377\0006\000.\0005\000.\0003\000.\0002\0000\000\040\000v\000o\000i\000c\000e\000S\000e\000r\000v\000i\000c\000e}{subsection.6.5.3}% 103
\BOOKMARK [1][-]{section.6.6}{\376\377\0006\000.\0006\000\040\004\032\004\073\004\060\004\101\004\101\000\040\000C\000u\000r\000s\000e\000V\000R\000.\000V\000o\000i\000c\000e\000C\000o\000n\000t\000r\000o\000l\000.\000V\000A\000D\000.\000U\000n\000i\000t\000y\000M\000i\000c\000r\000o\000p\000h\000o\000n\000e\000P\000r\000o\000x\000y}{chapter.6}% 104
\BOOKMARK [2][-]{subsection.6.6.1}{\376\377\0006\000.\0006\000.\0001\000\040\004\037\004\076\004\064\004\100\004\076\004\061\004\075\004\076\004\065\000\040\004\076\004\077\004\070\004\101\004\060\004\075\004\070\004\065}{section.6.6}% 105
\BOOKMARK [2][-]{subsection.6.6.2}{\376\377\0006\000.\0006\000.\0002\000\040\004\032\004\076\004\075\004\101\004\102\004\100\004\103\004\072\004\102\004\076\004\100\000\050\004\113\000\051}{section.6.6}% 106
\BOOKMARK [3][-]{subsubsection.6.6.2.1}{\376\377\0006\000.\0006\000.\0002\000.\0001\000\040\000U\000n\000i\000t\000y\000M\000i\000c\000r\000o\000p\000h\000o\000n\000e\000P\000r\000o\000x\000y\000\050\000\051}{subsection.6.6.2}% 107
\BOOKMARK [2][-]{subsection.6.6.3}{\376\377\0006\000.\0006\000.\0003\000\040\004\034\004\065\004\102\004\076\004\064\004\113}{section.6.6}% 108
\BOOKMARK [3][-]{subsubsection.6.6.3.1}{\376\377\0006\000.\0006\000.\0003\000.\0001\000\040\000D\000i\000s\000p\000o\000s\000e\000\050\000\051}{subsection.6.6.3}% 109
\BOOKMARK [3][-]{subsubsection.6.6.3.2}{\376\377\0006\000.\0006\000.\0003\000.\0002\000\040\000I\000n\000i\000t\000i\000a\000l\000i\000z\000e\000M\000i\000c\000r\000o\000p\000h\000o\000n\000e\000\050\000\051}{subsection.6.6.3}% 110
\BOOKMARK [2][-]{subsection.6.6.4}{\376\377\0006\000.\0006\000.\0004\000\040\004\024\004\060\004\075\004\075\004\113\004\065\000\040\004\072\004\073\004\060\004\101\004\101\004\060}{section.6.6}% 111
\BOOKMARK [3][-]{subsubsection.6.6.4.1}{\376\377\0006\000.\0006\000.\0004\000.\0001\000\040\000a\000u\000d\000i\000o\000C\000l\000i\000p}{subsection.6.6.4}% 112
\BOOKMARK [3][-]{subsubsection.6.6.4.2}{\376\377\0006\000.\0006\000.\0004\000.\0002\000\040\000d\000e\000v\000i\000c\000e\000N\000a\000m\000e}{subsection.6.6.4}% 113
\BOOKMARK [3][-]{subsubsection.6.6.4.3}{\376\377\0006\000.\0006\000.\0004\000.\0003\000\040\000f\000r\000e\000q\000u\000e\000n\000c\000y}{subsection.6.6.4}% 114
\BOOKMARK [3][-]{subsubsection.6.6.4.4}{\376\377\0006\000.\0006\000.\0004\000.\0004\000\040\000s\000a\000m\000p\000l\000e\000R\000a\000t\000e}{subsection.6.6.4}% 115
\BOOKMARK [2][-]{subsection.6.6.5}{\376\377\0006\000.\0006\000.\0005\000\040\004\037\004\076\004\073\004\075\004\113\004\071\000\040\004\101\004\077\004\070\004\101\004\076\004\072\000\040\004\101\004\062\004\076\004\071\004\101\004\102\004\062}{section.6.6}% 116
\BOOKMARK [3][-]{subsubsection.6.6.5.1}{\376\377\0006\000.\0006\000.\0005\000.\0001\000\040\000A\000u\000d\000i\000o\000C\000l\000i\000p}{subsection.6.6.5}% 117
\BOOKMARK [3][-]{subsubsection.6.6.5.2}{\376\377\0006\000.\0006\000.\0005\000.\0002\000\040\000S\000a\000m\000p\000l\000e\000R\000a\000t\000e}{subsection.6.6.5}% 118
\BOOKMARK [1][-]{section.6.7}{\376\377\0006\000.\0007\000\040\004\032\004\073\004\060\004\101\004\101\000\040\000C\000u\000r\000s\000e\000V\000R\000.\000V\000o\000i\000c\000e\000C\000o\000n\000t\000r\000o\000l\000.\000M\000o\000d\000e\000l\000s\000.\000V\000A\000D\000P\000a\000r\000a\000m\000e\000t\000e\000r\000s}{chapter.6}% 119
\BOOKMARK [2][-]{subsection.6.7.1}{\376\377\0006\000.\0007\000.\0001\000\040\004\037\004\076\004\064\004\100\004\076\004\061\004\075\004\076\004\065\000\040\004\076\004\077\004\070\004\101\004\060\004\075\004\070\004\065}{section.6.7}% 120
\BOOKMARK [2][-]{subsection.6.7.2}{\376\377\0006\000.\0007\000.\0002\000\040\004\024\004\060\004\075\004\075\004\113\004\065\000\040\004\072\004\073\004\060\004\101\004\101\004\060}{section.6.7}% 121
\BOOKMARK [3][-]{subsubsection.6.7.2.1}{\376\377\0006\000.\0007\000.\0002\000.\0001\000\040\000A\000c\000t\000i\000v\000a\000t\000i\000o\000n\000I\000n\000t\000e\000r\000v\000a\000l\000S\000e\000c\000o\000n\000d\000s}{subsection.6.7.2}% 122
\BOOKMARK [3][-]{subsubsection.6.7.2.2}{\376\377\0006\000.\0007\000.\0002\000.\0002\000\040\000A\000c\000t\000i\000v\000a\000t\000i\000o\000n\000R\000a\000t\000e\000T\000h\000r\000e\000s\000h\000o\000l\000d}{subsection.6.7.2}% 123
\BOOKMARK [3][-]{subsubsection.6.7.2.3}{\376\377\0006\000.\0007\000.\0002\000.\0003\000\040\000A\000c\000t\000i\000v\000e\000V\000o\000l\000u\000m\000e\000T\000h\000r\000e\000s\000h\000o\000l\000d}{subsection.6.7.2}% 124
\BOOKMARK [3][-]{subsubsection.6.7.2.4}{\376\377\0006\000.\0007\000.\0002\000.\0004\000\040\000B\000u\000f\000f\000e\000r\000S\000i\000z\000e}{subsection.6.7.2}% 125
\BOOKMARK [3][-]{subsubsection.6.7.2.5}{\376\377\0006\000.\0007\000.\0002\000.\0005\000\040\000I\000n\000a\000c\000t\000i\000v\000a\000t\000i\000o\000n\000I\000n\000t\000e\000r\000v\000a\000l\000S\000e\000c\000o\000n\000d\000s}{subsection.6.7.2}% 126
\BOOKMARK [3][-]{subsubsection.6.7.2.6}{\376\377\0006\000.\0007\000.\0002\000.\0006\000\040\000I\000n\000a\000c\000t\000i\000v\000a\000t\000i\000o\000n\000R\000a\000t\000e\000T\000h\000r\000e\000s\000h\000o\000l\000d}{subsection.6.7.2}% 127
\BOOKMARK [3][-]{subsubsection.6.7.2.7}{\376\377\0006\000.\0007\000.\0002\000.\0007\000\040\000M\000a\000x\000A\000c\000t\000i\000v\000e\000D\000u\000r\000a\000t\000i\000o\000n\000S\000e\000c\000o\000n\000d\000s}{subsection.6.7.2}% 128
\BOOKMARK [3][-]{subsubsection.6.7.2.8}{\376\377\0006\000.\0007\000.\0002\000.\0008\000\040\000M\000a\000x\000Q\000u\000e\000u\000e\000i\000n\000g\000T\000i\000m\000e\000S\000e\000c\000o\000n\000d\000s}{subsection.6.7.2}% 129
\BOOKMARK [3][-]{subsubsection.6.7.2.9}{\376\377\0006\000.\0007\000.\0002\000.\0009\000\040\000M\000i\000n\000Q\000u\000e\000u\000e\000i\000n\000g\000T\000i\000m\000e\000S\000e\000c\000o\000n\000d\000s}{subsection.6.7.2}% 130
\BOOKMARK [1][-]{section.6.8}{\376\377\0006\000.\0008\000\040\004\032\004\073\004\060\004\101\004\101\000\040\000C\000u\000r\000s\000e\000V\000R\000.\000V\000o\000i\000c\000e\000C\000o\000n\000t\000r\000o\000l\000.\000V\000A\000D\000.\000V\000o\000i\000c\000e\000A\000c\000t\000i\000v\000i\000t\000y\000D\000e\000t\000e\000c\000t\000o\000r}{chapter.6}% 131
\BOOKMARK [2][-]{subsection.6.8.1}{\376\377\0006\000.\0008\000.\0001\000\040\004\037\004\076\004\064\004\100\004\076\004\061\004\075\004\076\004\065\000\040\004\076\004\077\004\070\004\101\004\060\004\075\004\070\004\065}{section.6.8}% 132
\BOOKMARK [2][-]{subsection.6.8.2}{\376\377\0006\000.\0008\000.\0002\000\040\004\032\004\076\004\075\004\101\004\102\004\100\004\103\004\072\004\102\004\076\004\100\000\050\004\113\000\051}{section.6.8}% 133
\BOOKMARK [3][-]{subsubsection.6.8.2.1}{\376\377\0006\000.\0008\000.\0002\000.\0001\000\040\000V\000o\000i\000c\000e\000A\000c\000t\000i\000v\000i\000t\000y\000D\000e\000t\000e\000c\000t\000o\000r\000\050\000\051}{subsection.6.8.2}% 134
\BOOKMARK [2][-]{subsection.6.8.3}{\376\377\0006\000.\0008\000.\0003\000\040\004\034\004\065\004\102\004\076\004\064\004\113}{section.6.8}% 135
\BOOKMARK [3][-]{subsubsection.6.8.3.1}{\376\377\0006\000.\0008\000.\0003\000.\0001\000\040\000C\000a\000l\000c\000u\000l\000a\000t\000e\000V\000o\000l\000u\000m\000e\000\050\000\051}{subsection.6.8.3}% 136
\BOOKMARK [3][-]{subsubsection.6.8.3.2}{\376\377\0006\000.\0008\000.\0003\000.\0002\000\040\000D\000i\000s\000p\000o\000s\000e\000\050\000\051}{subsection.6.8.3}% 137
\BOOKMARK [3][-]{subsubsection.6.8.3.3}{\376\377\0006\000.\0008\000.\0003\000.\0003\000\040\000G\000e\000t\000S\000a\000m\000p\000l\000e\000s\000T\000o\000R\000e\000a\000d\000\050\000\051}{subsection.6.8.3}% 138
\BOOKMARK [3][-]{subsubsection.6.8.3.4}{\376\377\0006\000.\0008\000.\0003\000.\0004\000\040\000P\000r\000o\000c\000e\000s\000s\000A\000u\000d\000i\000o\000D\000a\000t\000a\000\050\000\051}{subsection.6.8.3}% 139
\BOOKMARK [3][-]{subsubsection.6.8.3.5}{\376\377\0006\000.\0008\000.\0003\000.\0005\000\040\000U\000p\000d\000a\000t\000e\000\050\000\051}{subsection.6.8.3}% 140
\BOOKMARK [2][-]{subsection.6.8.4}{\376\377\0006\000.\0008\000.\0004\000\040\004\024\004\060\004\075\004\075\004\113\004\065\000\040\004\072\004\073\004\060\004\101\004\101\004\060}{section.6.8}% 141
\BOOKMARK [3][-]{subsubsection.6.8.4.1}{\376\377\0006\000.\0008\000.\0004\000.\0001\000\040\000a\000u\000d\000i\000o\000B\000u\000f\000f\000e\000r}{subsection.6.8.4}% 142
\BOOKMARK [3][-]{subsubsection.6.8.4.2}{\376\377\0006\000.\0008\000.\0004\000.\0002\000\040\000i\000s\000A\000c\000t\000i\000v\000e}{subsection.6.8.4}% 143
\BOOKMARK [3][-]{subsubsection.6.8.4.3}{\376\377\0006\000.\0008\000.\0004\000.\0003\000\040\000l\000a\000s\000t\000A\000c\000t\000i\000v\000e\000T\000i\000m\000e}{subsection.6.8.4}% 144
\BOOKMARK [3][-]{subsubsection.6.8.4.4}{\376\377\0006\000.\0008\000.\0004\000.\0004\000\040\000l\000a\000s\000t\000I\000n\000a\000c\000t\000i\000v\000e\000T\000i\000m\000e}{subsection.6.8.4}% 145
\BOOKMARK [3][-]{subsubsection.6.8.4.5}{\376\377\0006\000.\0008\000.\0004\000.\0005\000\040\000l\000a\000s\000t\000R\000e\000a\000d\000P\000o\000s\000i\000t\000i\000o\000n}{subsection.6.8.4}% 146
\BOOKMARK [3][-]{subsubsection.6.8.4.6}{\376\377\0006\000.\0008\000.\0004\000.\0006\000\040\000m\000i\000c\000P\000r\000o\000x\000y}{subsection.6.8.4}% 147
\BOOKMARK [3][-]{subsubsection.6.8.4.7}{\376\377\0006\000.\0008\000.\0004\000.\0007\000\040\000p\000a\000r\000a\000m\000e\000t\000e\000r\000s}{subsection.6.8.4}% 148
\BOOKMARK [3][-]{subsubsection.6.8.4.8}{\376\377\0006\000.\0008\000.\0004\000.\0008\000\040\000s\000a\000m\000p\000l\000e\000B\000u\000f\000f\000e\000r}{subsection.6.8.4}% 149
\BOOKMARK [2][-]{subsection.6.8.5}{\376\377\0006\000.\0008\000.\0005\000\040\004\037\004\076\004\073\004\075\004\113\004\071\000\040\004\101\004\077\004\070\004\101\004\076\004\072\000\040\004\101\004\062\004\076\004\071\004\101\004\102\004\062}{section.6.8}% 150
\BOOKMARK [3][-]{subsubsection.6.8.5.1}{\376\377\0006\000.\0008\000.\0005\000.\0001\000\040\000I\000s\000A\000c\000t\000i\000v\000e}{subsection.6.8.5}% 151
\BOOKMARK [2][-]{subsection.6.8.6}{\376\377\0006\000.\0008\000.\0006\000\040\000C\004\076\004\061\004\113\004\102\004\070\004\117}{section.6.8}% 152
\BOOKMARK [3][-]{subsubsection.6.8.6.1}{\376\377\0006\000.\0008\000.\0006\000.\0001\000\040\000O\000n\000V\000o\000i\000c\000e\000A\000c\000t\000i\000v\000i\000t\000y\000C\000h\000a\000n\000g\000e\000d}{subsection.6.8.6}% 153
\BOOKMARK [1][-]{section.6.9}{\376\377\0006\000.\0009\000\040\004\032\004\073\004\060\004\101\004\101\000\040\000C\000u\000r\000s\000e\000V\000R\000.\000V\000o\000i\000c\000e\000C\000o\000n\000t\000r\000o\000l\000.\000M\000o\000d\000e\000l\000s\000.\000V\000o\000i\000c\000e\000C\000o\000m\000m\000a\000n\000d\000D\000a\000t\000a}{chapter.6}% 154
\BOOKMARK [2][-]{subsection.6.9.1}{\376\377\0006\000.\0009\000.\0001\000\040\004\037\004\076\004\064\004\100\004\076\004\061\004\075\004\076\004\065\000\040\004\076\004\077\004\070\004\101\004\060\004\075\004\070\004\065}{section.6.9}% 155
\BOOKMARK [2][-]{subsection.6.9.2}{\376\377\0006\000.\0009\000.\0002\000\040\004\032\004\076\004\075\004\101\004\102\004\100\004\103\004\072\004\102\004\076\004\100\000\050\004\113\000\051}{section.6.9}% 156
\BOOKMARK [3][-]{subsubsection.6.9.2.1}{\376\377\0006\000.\0009\000.\0002\000.\0001\000\040\000V\000o\000i\000c\000e\000C\000o\000m\000m\000a\000n\000d\000D\000a\000t\000a\000\050\000\051}{subsection.6.9.2}% 157
\BOOKMARK [2][-]{subsection.6.9.3}{\376\377\0006\000.\0009\000.\0003\000\040\004\037\004\076\004\073\004\075\004\113\004\071\000\040\004\101\004\077\004\070\004\101\004\076\004\072\000\040\004\101\004\062\004\076\004\071\004\101\004\102\004\062}{section.6.9}% 158
\BOOKMARK [3][-]{subsubsection.6.9.3.1}{\376\377\0006\000.\0009\000.\0003\000.\0001\000\040\000C\000o\000m\000m\000a\000n\000d\000T\000y\000p\000e}{subsection.6.9.3}% 159
\BOOKMARK [3][-]{subsubsection.6.9.3.2}{\376\377\0006\000.\0009\000.\0003\000.\0002\000\040\000C\000o\000n\000f\000i\000d\000e\000n\000c\000e}{subsection.6.9.3}% 160
\BOOKMARK [3][-]{subsubsection.6.9.3.3}{\376\377\0006\000.\0009\000.\0003\000.\0003\000\040\000P\000a\000r\000a\000m\000e\000t\000e\000r\000s}{subsection.6.9.3}% 161
\BOOKMARK [3][-]{subsubsection.6.9.3.4}{\376\377\0006\000.\0009\000.\0003\000.\0004\000\040\000R\000a\000w\000T\000e\000x\000t}{subsection.6.9.3}% 162
\BOOKMARK [3][-]{subsubsection.6.9.3.5}{\376\377\0006\000.\0009\000.\0003\000.\0005\000\040\000T\000i\000m\000e\000s\000t\000a\000m\000p}{subsection.6.9.3}% 163
\BOOKMARK [1][-]{section.6.10}{\376\377\0006\000.\0001\0000\000\040\004\032\004\073\004\060\004\101\004\101\000\040\000C\000u\000r\000s\000e\000V\000R\000.\000V\000o\000i\000c\000e\000C\000o\000n\000t\000r\000o\000l\000.\000S\000e\000r\000v\000i\000c\000e\000s\000.\000V\000o\000i\000c\000e\000C\000o\000m\000m\000a\000n\000d\000S\000e\000r\000v\000i\000c\000e}{chapter.6}% 164
\BOOKMARK [2][-]{subsection.6.10.1}{\376\377\0006\000.\0001\0000\000.\0001\000\040\004\037\004\076\004\064\004\100\004\076\004\061\004\075\004\076\004\065\000\040\004\076\004\077\004\070\004\101\004\060\004\075\004\070\004\065}{section.6.10}% 165
\BOOKMARK [2][-]{subsection.6.10.2}{\376\377\0006\000.\0001\0000\000.\0002\000\040\004\034\004\065\004\102\004\076\004\064\004\113}{section.6.10}% 166
\BOOKMARK [3][-]{subsubsection.6.10.2.1}{\376\377\0006\000.\0001\0000\000.\0002\000.\0001\000\040\000C\000o\000n\000n\000e\000c\000t\000A\000s\000y\000n\000c\000\050\000\051}{subsection.6.10.2}% 167
\BOOKMARK [3][-]{subsubsection.6.10.2.2}{\376\377\0006\000.\0001\0000\000.\0002\000.\0002\000\040\000D\000i\000s\000c\000o\000n\000n\000e\000c\000t\000A\000s\000y\000n\000c\000\050\000\051}{subsection.6.10.2}% 168
\BOOKMARK [3][-]{subsubsection.6.10.2.3}{\376\377\0006\000.\0001\0000\000.\0002\000.\0003\000\040\000I\000n\000i\000t\000i\000a\000l\000i\000z\000e\000A\000s\000y\000n\000c\000\050\000\051}{subsection.6.10.2}% 169
\BOOKMARK [3][-]{subsubsection.6.10.2.4}{\376\377\0006\000.\0001\0000\000.\0002\000.\0004\000\040\000O\000n\000D\000e\000s\000t\000r\000o\000y\000\050\000\051}{subsection.6.10.2}% 170
\BOOKMARK [3][-]{subsubsection.6.10.2.5}{\376\377\0006\000.\0001\0000\000.\0002\000.\0005\000\040\000P\000r\000o\000c\000e\000s\000s\000W\000e\000b\000S\000o\000c\000k\000e\000t\000M\000e\000s\000s\000a\000g\000e\000\050\000\051}{subsection.6.10.2}% 171
\BOOKMARK [3][-]{subsubsection.6.10.2.6}{\376\377\0006\000.\0001\0000\000.\0002\000.\0006\000\040\000S\000e\000n\000d\000A\000u\000d\000i\000o\000D\000a\000t\000a\000A\000s\000y\000n\000c\000\050\000\051}{subsection.6.10.2}% 172
\BOOKMARK [3][-]{subsubsection.6.10.2.7}{\376\377\0006\000.\0001\0000\000.\0002\000.\0007\000\040\000T\000r\000y\000R\000e\000c\000o\000n\000n\000e\000c\000t\000\050\000\051}{subsection.6.10.2}% 173
\BOOKMARK [3][-]{subsubsection.6.10.2.8}{\376\377\0006\000.\0001\0000\000.\0002\000.\0008\000\040\000U\000p\000d\000a\000t\000e\000\050\000\051}{subsection.6.10.2}% 174
\BOOKMARK [2][-]{subsection.6.10.3}{\376\377\0006\000.\0001\0000\000.\0003\000\040\004\024\004\060\004\075\004\075\004\113\004\065\000\040\004\072\004\073\004\060\004\101\004\101\004\060}{section.6.10}% 175
\BOOKMARK [3][-]{subsubsection.6.10.3.1}{\376\377\0006\000.\0001\0000\000.\0003\000.\0001\000\040\000c\000o\000n\000f\000i\000g}{subsection.6.10.3}% 176
\BOOKMARK [3][-]{subsubsection.6.10.3.2}{\376\377\0006\000.\0001\0000\000.\0003\000.\0002\000\040\000i\000s\000I\000n\000i\000t\000i\000a\000l\000i\000z\000e\000d}{subsection.6.10.3}% 177
\BOOKMARK [3][-]{subsubsection.6.10.3.3}{\376\377\0006\000.\0001\0000\000.\0003\000.\0003\000\040\000r\000e\000c\000o\000n\000n\000e\000c\000t\000A\000t\000t\000e\000m\000p\000t\000s}{subsection.6.10.3}% 178
\BOOKMARK [3][-]{subsubsection.6.10.3.4}{\376\377\0006\000.\0001\0000\000.\0003\000.\0004\000\040\000w\000e\000b\000S\000o\000c\000k\000e\000t}{subsection.6.10.3}% 179
\BOOKMARK [2][-]{subsection.6.10.4}{\376\377\0006\000.\0001\0000\000.\0004\000\040\004\037\004\076\004\073\004\075\004\113\004\071\000\040\004\101\004\077\004\070\004\101\004\076\004\072\000\040\004\101\004\062\004\076\004\071\004\101\004\102\004\062}{section.6.10}% 180
\BOOKMARK [3][-]{subsubsection.6.10.4.1}{\376\377\0006\000.\0001\0000\000.\0004\000.\0001\000\040\000I\000s\000C\000o\000n\000n\000e\000c\000t\000e\000d}{subsection.6.10.4}% 181
\BOOKMARK [2][-]{subsection.6.10.5}{\376\377\0006\000.\0001\0000\000.\0005\000\040\000C\004\076\004\061\004\113\004\102\004\070\004\117}{section.6.10}% 182
\BOOKMARK [3][-]{subsubsection.6.10.5.1}{\376\377\0006\000.\0001\0000\000.\0005\000.\0001\000\040\000O\000n\000C\000o\000m\000m\000a\000n\000d\000R\000e\000c\000o\000g\000n\000i\000z\000e\000d}{subsection.6.10.5}% 183
\BOOKMARK [3][-]{subsubsection.6.10.5.2}{\376\377\0006\000.\0001\0000\000.\0005\000.\0002\000\040\000O\000n\000C\000o\000n\000n\000e\000c\000t\000i\000o\000n\000S\000t\000a\000t\000u\000s\000C\000h\000a\000n\000g\000e\000d}{subsection.6.10.5}% 184
\BOOKMARK [1][-]{section.6.11}{\376\377\0006\000.\0001\0001\000\040\004\032\004\073\004\060\004\101\004\101\000\040\000C\000u\000r\000s\000e\000V\000R\000.\000V\000o\000i\000c\000e\000C\000o\000n\000t\000r\000o\000l\000.\000I\000n\000p\000u\000t\000.\000V\000o\000i\000c\000e\000I\000n\000p\000u\000t\000M\000a\000n\000a\000g\000e\000r}{chapter.6}% 185
\BOOKMARK [2][-]{subsection.6.11.1}{\376\377\0006\000.\0001\0001\000.\0001\000\040\004\037\004\076\004\064\004\100\004\076\004\061\004\075\004\076\004\065\000\040\004\076\004\077\004\070\004\101\004\060\004\075\004\070\004\065}{section.6.11}% 186
\BOOKMARK [2][-]{subsection.6.11.2}{\376\377\0006\000.\0001\0001\000.\0002\000\040\004\034\004\065\004\102\004\076\004\064\004\113}{section.6.11}% 187
\BOOKMARK [3][-]{subsubsection.6.11.2.1}{\376\377\0006\000.\0001\0001\000.\0002\000.\0001\000\040\000H\000a\000n\000d\000l\000e\000C\000o\000n\000n\000e\000c\000t\000i\000o\000n\000S\000t\000a\000t\000u\000s\000\050\000\051}{subsection.6.11.2}% 188
\BOOKMARK [3][-]{subsubsection.6.11.2.2}{\376\377\0006\000.\0001\0001\000.\0002\000.\0002\000\040\000H\000a\000n\000d\000l\000e\000V\000o\000i\000c\000e\000C\000o\000m\000m\000a\000n\000d\000\050\000\051}{subsection.6.11.2}% 189
\BOOKMARK [3][-]{subsubsection.6.11.2.3}{\376\377\0006\000.\0001\0001\000.\0002\000.\0003\000\040\000H\000a\000n\000d\000l\000e\000V\000o\000i\000c\000e\000I\000n\000a\000c\000t\000i\000v\000e\000\050\000\051}{subsection.6.11.2}% 190
\BOOKMARK [3][-]{subsubsection.6.11.2.4}{\376\377\0006\000.\0001\0001\000.\0002\000.\0004\000\040\000I\000n\000i\000t\000i\000a\000l\000i\000z\000e\000I\000n\000p\000u\000t\000A\000c\000t\000i\000o\000n\000s\000\050\000\051}{subsection.6.11.2}% 191
\BOOKMARK [3][-]{subsubsection.6.11.2.5}{\376\377\0006\000.\0001\0001\000.\0002\000.\0005\000\040\000I\000n\000i\000t\000i\000a\000l\000i\000z\000e\000V\000A\000D\000\050\000\051}{subsection.6.11.2}% 192
\BOOKMARK [3][-]{subsubsection.6.11.2.6}{\376\377\0006\000.\0001\0001\000.\0002\000.\0006\000\040\000I\000n\000i\000t\000i\000a\000l\000i\000z\000e\000V\000o\000i\000c\000e\000S\000e\000r\000v\000i\000c\000e\000\050\000\051}{subsection.6.11.2}% 193
\BOOKMARK [3][-]{subsubsection.6.11.2.7}{\376\377\0006\000.\0001\0001\000.\0002\000.\0007\000\040\000O\000n\000D\000e\000s\000t\000r\000o\000y\000\050\000\051}{subsection.6.11.2}% 194
\BOOKMARK [3][-]{subsubsection.6.11.2.8}{\376\377\0006\000.\0001\0001\000.\0002\000.\0008\000\040\000S\000t\000a\000r\000t\000\050\000\051}{subsection.6.11.2}% 195
\BOOKMARK [3][-]{subsubsection.6.11.2.9}{\376\377\0006\000.\0001\0001\000.\0002\000.\0009\000\040\000T\000o\000g\000g\000l\000e\000A\000c\000t\000i\000o\000n\000\050\000\051}{subsection.6.11.2}% 196
\BOOKMARK [3][-]{subsubsection.6.11.2.10}{\376\377\0006\000.\0001\0001\000.\0002\000.\0001\0000\000\040\000U\000p\000d\000a\000t\000e\000\050\000\051}{subsection.6.11.2}% 197
\BOOKMARK [2][-]{subsection.6.11.3}{\376\377\0006\000.\0001\0001\000.\0003\000\040\004\024\004\060\004\075\004\075\004\113\004\065\000\040\004\072\004\073\004\060\004\101\004\101\004\060}{section.6.11}% 198
\BOOKMARK [3][-]{subsubsection.6.11.3.1}{\376\377\0006\000.\0001\0001\000.\0003\000.\0001\000\040\000a\000c\000t\000i\000o\000n\000R\000e\000f\000e\000r\000e\000n\000c\000e\000s}{subsection.6.11.3}% 199
\BOOKMARK [3][-]{subsubsection.6.11.3.2}{\376\377\0006\000.\0001\0001\000.\0003\000.\0002\000\040\000a\000u\000d\000i\000o\000B\000u\000f\000f\000e\000r}{subsection.6.11.3}% 200
\BOOKMARK [3][-]{subsubsection.6.11.3.3}{\376\377\0006\000.\0001\0001\000.\0003\000.\0003\000\040\000d\000e\000b\000u\000g\000A\000u\000d\000i\000o\000S\000o\000u\000r\000c\000e}{subsection.6.11.3}% 201
\BOOKMARK [3][-]{subsubsection.6.11.3.4}{\376\377\0006\000.\0001\0001\000.\0003\000.\0004\000\040\000i\000n\000p\000u\000t\000A\000c\000t\000i\000o\000n\000s}{subsection.6.11.3}% 202
\BOOKMARK [3][-]{subsubsection.6.11.3.5}{\376\377\0006\000.\0001\0001\000.\0003\000.\0005\000\040\000i\000s\000P\000r\000o\000c\000e\000s\000s\000i\000n\000g\000V\000o\000i\000c\000e}{subsection.6.11.3}% 203
\BOOKMARK [3][-]{subsubsection.6.11.3.6}{\376\377\0006\000.\0001\0001\000.\0003\000.\0006\000\040\000m\000i\000c\000P\000r\000o\000x\000y}{subsection.6.11.3}% 204
\BOOKMARK [3][-]{subsubsection.6.11.3.7}{\376\377\0006\000.\0001\0001\000.\0003\000.\0007\000\040\000s\000e\000r\000v\000i\000c\000e\000C\000o\000n\000f\000i\000g}{subsection.6.11.3}% 205
\BOOKMARK [3][-]{subsubsection.6.11.3.8}{\376\377\0006\000.\0001\0001\000.\0003\000.\0008\000\040\000v\000a\000d}{subsection.6.11.3}% 206
\BOOKMARK [3][-]{subsubsection.6.11.3.9}{\376\377\0006\000.\0001\0001\000.\0003\000.\0009\000\040\000v\000a\000d\000P\000a\000r\000a\000m\000e\000t\000e\000r\000s}{subsection.6.11.3}% 207
\BOOKMARK [3][-]{subsubsection.6.11.3.10}{\376\377\0006\000.\0001\0001\000.\0003\000.\0001\0000\000\040\000v\000o\000i\000c\000e\000S\000e\000r\000v\000i\000c\000e}{subsection.6.11.3}% 208
\BOOKMARK [1][-]{section.6.12}{\376\377\0006\000.\0001\0002\000\040\004\032\004\073\004\060\004\101\004\101\000\040\000C\000u\000r\000s\000e\000V\000R\000.\000V\000o\000i\000c\000e\000C\000o\000n\000t\000r\000o\000l\000.\000E\000d\000i\000t\000o\000r\000.\000V\000o\000i\000c\000e\000I\000n\000p\000u\000t\000M\000a\000n\000a\000g\000e\000r\000E\000d\000i\000t\000o\000r}{chapter.6}% 209
\BOOKMARK [2][-]{subsection.6.12.1}{\376\377\0006\000.\0001\0002\000.\0001\000\040\004\037\004\076\004\064\004\100\004\076\004\061\004\075\004\076\004\065\000\040\004\076\004\077\004\070\004\101\004\060\004\075\004\070\004\065}{section.6.12}% 210
\BOOKMARK [2][-]{subsection.6.12.2}{\376\377\0006\000.\0001\0002\000.\0002\000\040\004\034\004\065\004\102\004\076\004\064\004\113}{section.6.12}% 211
\BOOKMARK [3][-]{subsubsection.6.12.2.1}{\376\377\0006\000.\0001\0002\000.\0002\000.\0001\000\040\000O\000n\000I\000n\000s\000p\000e\000c\000t\000o\000r\000G\000U\000I\000\050\000\051}{subsection.6.12.2}% 212
\BOOKMARK [3][-]{subsubsection.6.12.2.2}{\376\377\0006\000.\0001\0002\000.\0002\000.\0002\000\040\000T\000e\000s\000t\000M\000i\000c\000r\000o\000p\000h\000o\000n\000e\000\050\000\051}{subsection.6.12.2}% 213
\BOOKMARK [3][-]{subsubsection.6.12.2.3}{\376\377\0006\000.\0001\0002\000.\0002\000.\0003\000\040\000T\000e\000s\000t\000W\000e\000b\000S\000o\000c\000k\000e\000t\000C\000o\000n\000n\000e\000c\000t\000i\000o\000n\000\050\000\051}{subsection.6.12.2}% 214
\BOOKMARK [2][-]{subsection.6.12.3}{\376\377\0006\000.\0001\0002\000.\0003\000\040\004\024\004\060\004\075\004\075\004\113\004\065\000\040\004\072\004\073\004\060\004\101\004\101\004\060}{section.6.12}% 215
\BOOKMARK [3][-]{subsubsection.6.12.3.1}{\376\377\0006\000.\0001\0002\000.\0003\000.\0001\000\040\000s\000h\000o\000w\000D\000e\000b\000u\000g\000S\000e\000t\000t\000i\000n\000g\000s}{subsection.6.12.3}% 216
\BOOKMARK [3][-]{subsubsection.6.12.3.2}{\376\377\0006\000.\0001\0002\000.\0003\000.\0002\000\040\000s\000h\000o\000w\000S\000e\000r\000v\000i\000c\000e\000C\000o\000n\000f\000i\000g}{subsection.6.12.3}% 217
\BOOKMARK [3][-]{subsubsection.6.12.3.3}{\376\377\0006\000.\0001\0002\000.\0003\000.\0003\000\040\000s\000h\000o\000w\000V\000A\000D\000S\000e\000t\000t\000i\000n\000g\000s}{subsection.6.12.3}% 218
\BOOKMARK [1][-]{section.6.13}{\376\377\0006\000.\0001\0003\000\040\004\032\004\073\004\060\004\101\004\101\000\040\000C\000u\000r\000s\000e\000V\000R\000.\000V\000o\000i\000c\000e\000C\000o\000n\000t\000r\000o\000l\000.\000M\000o\000d\000e\000l\000s\000.\000V\000o\000i\000c\000e\000S\000e\000r\000v\000i\000c\000e\000C\000o\000n\000f\000i\000g}{chapter.6}% 219
\BOOKMARK [2][-]{subsection.6.13.1}{\376\377\0006\000.\0001\0003\000.\0001\000\040\004\037\004\076\004\064\004\100\004\076\004\061\004\075\004\076\004\065\000\040\004\076\004\077\004\070\004\101\004\060\004\075\004\070\004\065}{section.6.13}% 220
\BOOKMARK [2][-]{subsection.6.13.2}{\376\377\0006\000.\0001\0003\000.\0002\000\040\004\037\004\076\004\073\004\075\004\113\004\071\000\040\004\101\004\077\004\070\004\101\004\076\004\072\000\040\004\101\004\062\004\076\004\071\004\101\004\102\004\062}{section.6.13}% 221
\BOOKMARK [3][-]{subsubsection.6.13.2.1}{\376\377\0006\000.\0001\0003\000.\0002\000.\0001\000\040\000B\000u\000f\000f\000e\000r\000S\000i\000z\000e}{subsection.6.13.2}% 222
\BOOKMARK [3][-]{subsubsection.6.13.2.2}{\376\377\0006\000.\0001\0003\000.\0002\000.\0002\000\040\000C\000h\000a\000n\000n\000e\000l\000s}{subsection.6.13.2}% 223
\BOOKMARK [3][-]{subsubsection.6.13.2.3}{\376\377\0006\000.\0001\0003\000.\0002\000.\0003\000\040\000C\000l\000i\000e\000n\000t\000I\000d}{subsection.6.13.2}% 224
\BOOKMARK [3][-]{subsubsection.6.13.2.4}{\376\377\0006\000.\0001\0003\000.\0002\000.\0004\000\040\000M\000a\000x\000R\000e\000c\000o\000n\000n\000e\000c\000t\000A\000t\000t\000e\000m\000p\000t\000s}{subsection.6.13.2}% 225
\BOOKMARK [3][-]{subsubsection.6.13.2.5}{\376\377\0006\000.\0001\0003\000.\0002\000.\0005\000\040\000R\000e\000c\000o\000n\000n\000e\000c\000t\000D\000e\000l\000a\000y\000M\000s}{subsection.6.13.2}% 226
\BOOKMARK [3][-]{subsubsection.6.13.2.6}{\376\377\0006\000.\0001\0003\000.\0002\000.\0006\000\040\000S\000a\000m\000p\000l\000e\000R\000a\000t\000e}{subsection.6.13.2}% 227
\BOOKMARK [3][-]{subsubsection.6.13.2.7}{\376\377\0006\000.\0001\0003\000.\0002\000.\0007\000\040\000W\000e\000b\000S\000o\000c\000k\000e\000t\000U\000r\000l}{subsection.6.13.2}% 228
\BOOKMARK [0][-]{chapter.7}{\376\377\0007\000\040\004\044\004\060\004\071\004\073\004\113}{}% 229
\BOOKMARK [1][-]{section.7.1}{\376\377\0007\000.\0001\000\040\004\044\004\060\004\071\004\073\000\040\000A\000s\000s\000e\000t\000s\000/\000S\000c\000r\000i\000p\000t\000s\000/\000V\000o\000i\000c\000e\000C\000o\000n\000t\000r\000o\000l\000/\000C\000o\000r\000e\000/\000I\000V\000o\000i\000c\000e\000C\000o\000m\000m\000a\000n\000d\000S\000e\000r\000v\000i\000c\000e\000.\000c\000s}{chapter.7}% 230
\BOOKMARK [1][-]{section.7.2}{\376\377\0007\000.\0002\000\040\000I\000V\000o\000i\000c\000e\000C\000o\000m\000m\000a\000n\000d\000S\000e\000r\000v\000i\000c\000e\000.\000c\000s}{chapter.7}% 231
\BOOKMARK [1][-]{section.7.3}{\376\377\0007\000.\0003\000\040\004\044\004\060\004\071\004\073\000\040\000A\000s\000s\000e\000t\000s\000/\000S\000c\000r\000i\000p\000t\000s\000/\000V\000o\000i\000c\000e\000C\000o\000n\000t\000r\000o\000l\000/\000E\000d\000i\000t\000o\000r\000/\000V\000o\000i\000c\000e\000I\000n\000p\000u\000t\000M\000a\000n\000a\000g\000e\000r\000E\000d\000i\000t\000o\000r\000.\000c\000s}{chapter.7}% 232
\BOOKMARK [1][-]{section.7.4}{\376\377\0007\000.\0004\000\040\000V\000o\000i\000c\000e\000I\000n\000p\000u\000t\000M\000a\000n\000a\000g\000e\000r\000E\000d\000i\000t\000o\000r\000.\000c\000s}{chapter.7}% 233
\BOOKMARK [1][-]{section.7.5}{\376\377\0007\000.\0005\000\040\004\044\004\060\004\071\004\073\000\040\000A\000s\000s\000e\000t\000s\000/\000S\000c\000r\000i\000p\000t\000s\000/\000V\000o\000i\000c\000e\000C\000o\000n\000t\000r\000o\000l\000/\000I\000n\000p\000u\000t\000/\000V\000o\000i\000c\000e\000I\000n\000p\000u\000t\000M\000a\000n\000a\000g\000e\000r\000.\000c\000s}{chapter.7}% 234
\BOOKMARK [1][-]{section.7.6}{\376\377\0007\000.\0006\000\040\000V\000o\000i\000c\000e\000I\000n\000p\000u\000t\000M\000a\000n\000a\000g\000e\000r\000.\000c\000s}{chapter.7}% 235
\BOOKMARK [1][-]{section.7.7}{\376\377\0007\000.\0007\000\040\004\044\004\060\004\071\004\073\000\040\000A\000s\000s\000e\000t\000s\000/\000S\000c\000r\000i\000p\000t\000s\000/\000V\000o\000i\000c\000e\000C\000o\000n\000t\000r\000o\000l\000/\000M\000o\000d\000e\000l\000s\000/\000V\000A\000D\000P\000a\000r\000a\000m\000e\000t\000e\000r\000s\000.\000c\000s}{chapter.7}% 236
\BOOKMARK [1][-]{section.7.8}{\376\377\0007\000.\0008\000\040\000V\000A\000D\000P\000a\000r\000a\000m\000e\000t\000e\000r\000s\000.\000c\000s}{chapter.7}% 237
\BOOKMARK [1][-]{section.7.9}{\376\377\0007\000.\0009\000\040\004\044\004\060\004\071\004\073\000\040\000A\000s\000s\000e\000t\000s\000/\000S\000c\000r\000i\000p\000t\000s\000/\000V\000o\000i\000c\000e\000C\000o\000n\000t\000r\000o\000l\000/\000M\000o\000d\000e\000l\000s\000/\000V\000o\000i\000c\000e\000C\000o\000m\000m\000a\000n\000d\000D\000a\000t\000a\000.\000c\000s}{chapter.7}% 238
\BOOKMARK [1][-]{section.7.10}{\376\377\0007\000.\0001\0000\000\040\000V\000o\000i\000c\000e\000C\000o\000m\000m\000a\000n\000d\000D\000a\000t\000a\000.\000c\000s}{chapter.7}% 239
\BOOKMARK [1][-]{section.7.11}{\376\377\0007\000.\0001\0001\000\040\004\044\004\060\004\071\004\073\000\040\000A\000s\000s\000e\000t\000s\000/\000S\000c\000r\000i\000p\000t\000s\000/\000V\000o\000i\000c\000e\000C\000o\000n\000t\000r\000o\000l\000/\000M\000o\000d\000e\000l\000s\000/\000V\000o\000i\000c\000e\000S\000e\000r\000v\000i\000c\000e\000C\000o\000n\000f\000i\000g\000.\000c\000s}{chapter.7}% 240
\BOOKMARK [1][-]{section.7.12}{\376\377\0007\000.\0001\0002\000\040\000V\000o\000i\000c\000e\000S\000e\000r\000v\000i\000c\000e\000C\000o\000n\000f\000i\000g\000.\000c\000s}{chapter.7}% 241
\BOOKMARK [1][-]{section.7.13}{\376\377\0007\000.\0001\0003\000\040\004\044\004\060\004\071\004\073\000\040\000A\000s\000s\000e\000t\000s\000/\000S\000c\000r\000i\000p\000t\000s\000/\000V\000o\000i\000c\000e\000C\000o\000n\000t\000r\000o\000l\000/\000R\000E\000A\000D\000M\000E\000.\000m\000d}{chapter.7}% 242
\BOOKMARK [1][-]{section.7.14}{\376\377\0007\000.\0001\0004\000\040\004\044\004\060\004\071\004\073\000\040\000A\000s\000s\000e\000t\000s\000/\000S\000c\000r\000i\000p\000t\000s\000/\000V\000o\000i\000c\000e\000C\000o\000n\000t\000r\000o\000l\000/\000S\000e\000r\000v\000i\000c\000e\000s\000/\000V\000o\000i\000c\000e\000C\000o\000m\000m\000a\000n\000d\000S\000e\000r\000v\000i\000c\000e\000.\000c\000s}{chapter.7}% 243
\BOOKMARK [1][-]{section.7.15}{\376\377\0007\000.\0001\0005\000\040\000V\000o\000i\000c\000e\000C\000o\000m\000m\000a\000n\000d\000S\000e\000r\000v\000i\000c\000e\000.\000c\000s}{chapter.7}% 244
\BOOKMARK [1][-]{section.7.16}{\376\377\0007\000.\0001\0006\000\040\004\044\004\060\004\071\004\073\000\040\000A\000s\000s\000e\000t\000s\000/\000S\000c\000r\000i\000p\000t\000s\000/\000V\000o\000i\000c\000e\000C\000o\000n\000t\000r\000o\000l\000/\000T\000e\000s\000t\000/\000M\000o\000c\000k\000V\000o\000i\000c\000e\000C\000o\000n\000t\000r\000o\000l\000T\000e\000s\000t\000.\000c\000s}{chapter.7}% 245
\BOOKMARK [1][-]{section.7.17}{\376\377\0007\000.\0001\0007\000\040\000M\000o\000c\000k\000V\000o\000i\000c\000e\000C\000o\000n\000t\000r\000o\000l\000T\000e\000s\000t\000.\000c\000s}{chapter.7}% 246
\BOOKMARK [1][-]{section.7.18}{\376\377\0007\000.\0001\0008\000\040\004\044\004\060\004\071\004\073\000\040\000A\000s\000s\000e\000t\000s\000/\000S\000c\000r\000i\000p\000t\000s\000/\000V\000o\000i\000c\000e\000C\000o\000n\000t\000r\000o\000l\000/\000U\000t\000i\000l\000s\000/\000A\000u\000d\000i\000o\000U\000t\000i\000l\000s\000.\000c\000s}{chapter.7}% 247
\BOOKMARK [1][-]{section.7.19}{\376\377\0007\000.\0001\0009\000\040\000A\000u\000d\000i\000o\000U\000t\000i\000l\000s\000.\000c\000s}{chapter.7}% 248
\BOOKMARK [1][-]{section.7.20}{\376\377\0007\000.\0002\0000\000\040\004\044\004\060\004\071\004\073\000\040\000A\000s\000s\000e\000t\000s\000/\000S\000c\000r\000i\000p\000t\000s\000/\000V\000o\000i\000c\000e\000C\000o\000n\000t\000r\000o\000l\000/\000V\000A\000D\000/\000A\000u\000d\000i\000o\000C\000l\000i\000p\000B\000u\000f\000f\000e\000r\000.\000c\000s}{chapter.7}% 249
\BOOKMARK [1][-]{section.7.21}{\376\377\0007\000.\0002\0001\000\040\000A\000u\000d\000i\000o\000C\000l\000i\000p\000B\000u\000f\000f\000e\000r\000.\000c\000s}{chapter.7}% 250
\BOOKMARK [1][-]{section.7.22}{\376\377\0007\000.\0002\0002\000\040\004\044\004\060\004\071\004\073\000\040\000A\000s\000s\000e\000t\000s\000/\000S\000c\000r\000i\000p\000t\000s\000/\000V\000o\000i\000c\000e\000C\000o\000n\000t\000r\000o\000l\000/\000V\000A\000D\000/\000I\000V\000o\000i\000c\000e\000A\000c\000t\000i\000v\000i\000t\000y\000D\000e\000t\000e\000c\000t\000o\000r\000.\000c\000s}{chapter.7}% 251
\BOOKMARK [1][-]{section.7.23}{\376\377\0007\000.\0002\0003\000\040\000I\000V\000o\000i\000c\000e\000A\000c\000t\000i\000v\000i\000t\000y\000D\000e\000t\000e\000c\000t\000o\000r\000.\000c\000s}{chapter.7}% 252
\BOOKMARK [1][-]{section.7.24}{\376\377\0007\000.\0002\0004\000\040\004\044\004\060\004\071\004\073\000\040\000A\000s\000s\000e\000t\000s\000/\000S\000c\000r\000i\000p\000t\000s\000/\000V\000o\000i\000c\000e\000C\000o\000n\000t\000r\000o\000l\000/\000V\000A\000D\000/\000U\000n\000i\000t\000y\000M\000i\000c\000r\000o\000p\000h\000o\000n\000e\000P\000r\000o\000x\000y\000.\000c\000s}{chapter.7}% 253
\BOOKMARK [1][-]{section.7.25}{\376\377\0007\000.\0002\0005\000\040\000U\000n\000i\000t\000y\000M\000i\000c\000r\000o\000p\000h\000o\000n\000e\000P\000r\000o\000x\000y\000.\000c\000s}{chapter.7}% 254
\BOOKMARK [1][-]{section.7.26}{\376\377\0007\000.\0002\0006\000\040\004\044\004\060\004\071\004\073\000\040\000A\000s\000s\000e\000t\000s\000/\000S\000c\000r\000i\000p\000t\000s\000/\000V\000o\000i\000c\000e\000C\000o\000n\000t\000r\000o\000l\000/\000V\000A\000D\000/\000V\000o\000i\000c\000e\000A\000c\000t\000i\000v\000i\000t\000y\000D\000e\000t\000e\000c\000t\000o\000r\000.\000c\000s}{chapter.7}% 255
\BOOKMARK [1][-]{section.7.27}{\376\377\0007\000.\0002\0007\000\040\000V\000o\000i\000c\000e\000A\000c\000t\000i\000v\000i\000t\000y\000D\000e\000t\000e\000c\000t\000o\000r\000.\000c\000s}{chapter.7}% 256
\BOOKMARK [0][-]{section*.141}{\376\377\004\037\004\100\004\065\004\064\004\074\004\065\004\102\004\075\004\113\004\071\000\040\004\103\004\072\004\060\004\067\004\060\004\102\004\065\004\073\004\114}{}% 257
